{"uid":"f16e10f4b6869cd4","name":"test_login","fullName":"tests.test_orangehrm.TestOrangeHRM#test_login","historyId":"9f2351dde3162054212e0471cbf81e6a","time":{"start":1753086950685,"stop":1753086960026,"duration":9341},"status":"broken","statusMessage":"selenium.common.exceptions.NoSuchElementException: Message: no such element: Unable to locate element: {\"method\":\"css selector\",\"selector\":\"[name=\"username\"]\"}\n  (Session info: chrome=138.0.7204.157); For documentation on this error, please visit: https://www.selenium.dev/documentation/webdriver/troubleshooting/errors#nosuchelementexception\nStacktrace:\n#0 0x5b4cc43ca7da <unknown>\n#1 0x5b4cc3e6f2e0 <unknown>\n#2 0x5b4cc3ec0e00 <unknown>\n#3 0x5b4cc3ec0ff1 <unknown>\n#4 0x5b4cc3f0f324 <unknown>\n#5 0x5b4cc3ee68dd <unknown>\n#6 0x5b4cc3f0c71c <unknown>\n#7 0x5b4cc3ee6683 <unknown>\n#8 0x5b4cc3eb2b5b <unknown>\n#9 0x5b4cc3eb3f31 <unknown>\n#10 0x5b4cc438f72b <unknown>\n#11 0x5b4cc4393534 <unknown>\n#12 0x5b4cc4376229 <unknown>\n#13 0x5b4cc43940d8 <unknown>\n#14 0x5b4cc435a61f <unknown>\n#15 0x5b4cc43b7dd8 <unknown>\n#16 0x5b4cc43b7fb6 <unknown>\n#17 0x5b4cc43c9af6 <unknown>\n#18 0x71479f89caa4 <unknown>\n#19 0x71479f929c3c <unknown>","statusTrace":"self = <test_orangehrm.TestOrangeHRM testMethod=test_login>\n\n    def test_login(self):\n        self.driver.get(\"https://opensource-demo.orangehrmlive.com/\")\n>       self.driver.find_element(By.NAME, \"username\").send_keys(\"Admin\")\n        ^^^^^^^^^^^^^^^^^^^^^^^^^^^^^^^^^^^^^^^^^^^^^\n\ntests/test_orangehrm.py:19: \n_ _ _ _ _ _ _ _ _ _ _ _ _ _ _ _ _ _ _ _ _ _ _ _ _ _ _ _ _ _ _ _ _ _ _ _ _ _ _ _ _ _ _ _ _ _ _ _ _ _ _ _ _ _ _ _ _ _ _ _ _ _ _ _ _ _ _ _ _ _ _ _ _ _ _ _ _ _ _ _ _ _ _ _ _ _ _ _ _ _ _ _ _ _ _\nselenium-test/venv/lib/python3.12/site-packages/selenium/webdriver/remote/webdriver.py:922: in find_element\n    return self.execute(Command.FIND_ELEMENT, {\"using\": by, \"value\": value})[\"value\"]\n           ^^^^^^^^^^^^^^^^^^^^^^^^^^^^^^^^^^^^^^^^^^^^^^^^^^^^^^^^^^^^^^^^^\nselenium-test/venv/lib/python3.12/site-packages/selenium/webdriver/remote/webdriver.py:454: in execute\n    self.error_handler.check_response(response)\n_ _ _ _ _ _ _ _ _ _ _ _ _ _ _ _ _ _ _ _ _ _ _ _ _ _ _ _ _ _ _ _ _ _ _ _ _ _ _ _ _ _ _ _ _ _ _ _ _ _ _ _ _ _ _ _ _ _ _ _ _ _ _ _ _ _ _ _ _ _ _ _ _ _ _ _ _ _ _ _ _ _ _ _ _ _ _ _ _ _ _ _ _ _ _\n\nself = <selenium.webdriver.remote.errorhandler.ErrorHandler object at 0x77d0aeb57140>\nresponse = {'status': 404, 'value': '{\"value\":{\"error\":\"no such element\",\"message\":\"no such element: Unable to locate element: {\\...\\\\n#17 0x5b4cc43c9af6 \\\\u003Cunknown>\\\\n#18 0x71479f89caa4 \\\\u003Cunknown>\\\\n#19 0x71479f929c3c \\\\u003Cunknown>\\\\n\"}}'}\n\n    def check_response(self, response: dict[str, Any]) -> None:\n        \"\"\"Checks that a JSON response from the WebDriver does not have an\n        error.\n    \n        :Args:\n         - response - The JSON response from the WebDriver server as a dictionary\n           object.\n    \n        :Raises: If the response contains an error message.\n        \"\"\"\n        status = response.get(\"status\", None)\n        if not status or status == ErrorCode.SUCCESS:\n            return\n        value = None\n        message = response.get(\"message\", \"\")\n        screen: str = response.get(\"screen\", \"\")\n        stacktrace = None\n        if isinstance(status, int):\n            value_json = response.get(\"value\", None)\n            if value_json and isinstance(value_json, str):\n                try:\n                    value = json.loads(value_json)\n                    if isinstance(value, dict):\n                        if len(value) == 1:\n                            value = value[\"value\"]\n                        status = value.get(\"error\", None)\n                        if not status:\n                            status = value.get(\"status\", ErrorCode.UNKNOWN_ERROR)\n                            message = value.get(\"value\") or value.get(\"message\")\n                            if not isinstance(message, str):\n                                value = message\n                                message = message.get(\"message\")\n                        else:\n                            message = value.get(\"message\", None)\n                except ValueError:\n                    pass\n    \n        exception_class: type[WebDriverException]\n        e = ErrorCode()\n        error_codes = [item for item in dir(e) if not item.startswith(\"__\")]\n        for error_code in error_codes:\n            error_info = getattr(ErrorCode, error_code)\n            if isinstance(error_info, list) and status in error_info:\n                exception_class = getattr(ExceptionMapping, error_code, WebDriverException)\n                break\n        else:\n            exception_class = WebDriverException\n    \n        if not value:\n            value = response[\"value\"]\n        if isinstance(value, str):\n            raise exception_class(value)\n        if message == \"\" and \"message\" in value:\n            message = value[\"message\"]\n    \n        screen = None  # type: ignore[assignment]\n        if \"screen\" in value:\n            screen = value[\"screen\"]\n    \n        stacktrace = None\n        st_value = value.get(\"stackTrace\") or value.get(\"stacktrace\")\n        if st_value:\n            if isinstance(st_value, str):\n                stacktrace = st_value.split(\"\\n\")\n            else:\n                stacktrace = []\n                try:\n                    for frame in st_value:\n                        line = frame.get(\"lineNumber\", \"\")\n                        file = frame.get(\"fileName\", \"<anonymous>\")\n                        if line:\n                            file = f\"{file}:{line}\"\n                        meth = frame.get(\"methodName\", \"<anonymous>\")\n                        if \"className\" in frame:\n                            meth = f\"{frame['className']}.{meth}\"\n                        msg = \"    at %s (%s)\"\n                        msg = msg % (meth, file)\n                        stacktrace.append(msg)\n                except TypeError:\n                    pass\n        if exception_class == UnexpectedAlertPresentException:\n            alert_text = None\n            if \"data\" in value:\n                alert_text = value[\"data\"].get(\"text\")\n            elif \"alert\" in value:\n                alert_text = value[\"alert\"].get(\"text\")\n            raise exception_class(message, screen, stacktrace, alert_text)  # type: ignore[call-arg]  # mypy is not smart enough here\n>       raise exception_class(message, screen, stacktrace)\nE       selenium.common.exceptions.NoSuchElementException: Message: no such element: Unable to locate element: {\"method\":\"css selector\",\"selector\":\"[name=\"username\"]\"}\nE         (Session info: chrome=138.0.7204.157); For documentation on this error, please visit: https://www.selenium.dev/documentation/webdriver/troubleshooting/errors#nosuchelementexception\nE       Stacktrace:\nE       #0 0x5b4cc43ca7da <unknown>\nE       #1 0x5b4cc3e6f2e0 <unknown>\nE       #2 0x5b4cc3ec0e00 <unknown>\nE       #3 0x5b4cc3ec0ff1 <unknown>\nE       #4 0x5b4cc3f0f324 <unknown>\nE       #5 0x5b4cc3ee68dd <unknown>\nE       #6 0x5b4cc3f0c71c <unknown>\nE       #7 0x5b4cc3ee6683 <unknown>\nE       #8 0x5b4cc3eb2b5b <unknown>\nE       #9 0x5b4cc3eb3f31 <unknown>\nE       #10 0x5b4cc438f72b <unknown>\nE       #11 0x5b4cc4393534 <unknown>\nE       #12 0x5b4cc4376229 <unknown>\nE       #13 0x5b4cc43940d8 <unknown>\nE       #14 0x5b4cc435a61f <unknown>\nE       #15 0x5b4cc43b7dd8 <unknown>\nE       #16 0x5b4cc43b7fb6 <unknown>\nE       #17 0x5b4cc43c9af6 <unknown>\nE       #18 0x71479f89caa4 <unknown>\nE       #19 0x71479f929c3c <unknown>\n\nselenium-test/venv/lib/python3.12/site-packages/selenium/webdriver/remote/errorhandler.py:232: NoSuchElementException","flaky":false,"newFailed":false,"newBroken":false,"newPassed":false,"retriesCount":0,"retriesStatusChange":false,"beforeStages":[{"name":"_unittest_setUpClass_fixture_TestOrangeHRM","time":{"start":1753086950685,"stop":1753086950685,"duration":0},"status":"passed","steps":[],"attachments":[],"parameters":[],"shouldDisplayMessage":false,"stepsCount":0,"attachmentsCount":0,"hasContent":false,"attachmentStep":false}],"afterStages":[{"name":"_unittest_setUpClass_fixture_TestOrangeHRM::0","time":{"start":1753086960095,"stop":1753086960095,"duration":0},"status":"passed","steps":[],"attachments":[],"parameters":[],"shouldDisplayMessage":false,"stepsCount":0,"attachmentsCount":0,"hasContent":false,"attachmentStep":false}],"labels":[{"name":"parentSuite","value":"tests"},{"name":"suite","value":"test_orangehrm"},{"name":"subSuite","value":"TestOrangeHRM"},{"name":"host","value":"cicd"},{"name":"thread","value":"24705-MainThread"},{"name":"framework","value":"pytest"},{"name":"language","value":"cpython3"},{"name":"package","value":"tests.test_orangehrm"},{"name":"resultFormat","value":"allure2"}],"parameters":[],"links":[],"hidden":false,"retry":false,"extra":{"severity":"normal","retries":[],"categories":[{"name":"Test defects","matchedStatuses":[],"flaky":false}],"tags":[]},"source":"f16e10f4b6869cd4.json","parameterValues":[]}